I/O Assignment Analysis report for fadder
Thu Jun 08 17:17:35 2023
Quartus Prime Version 20.1.1 Build 720 11/11/2020 SJ Lite Edition


---------------------
; Table of Contents ;
---------------------
  1. Legal Notice
  2. I/O Assignment Analysis Summary
  3. Parallel Compilation
  4. Fitter Messages
  5. Pin-Out File
  6. All Package Pins
  7. Input Pins
  8. Output Pins
  9. I/O Bank Usage
 10. Output Pin Default Load For Reported TCO
 11. I/O Assignment Analysis Messages



----------------
; Legal Notice ;
----------------
Copyright (C) 2020  Intel Corporation. All rights reserved.
Your use of Intel Corporation's design tools, logic functions 
and other software and tools, and any partner logic 
functions, and any output files from any of the foregoing 
(including device programming or simulation files), and any 
associated documentation or information are expressly subject 
to the terms and conditions of the Intel Program License 
Subscription Agreement, the Intel Quartus Prime License Agreement,
the Intel FPGA IP License Agreement, or other applicable license
agreement, including, without limitation, that your use is for
the sole purpose of programming logic devices manufactured by
Intel and sold by Intel or its authorized distributors.  Please
refer to the applicable agreement for further details, at
https://fpgasoftware.intel.com/eula.



+------------------------------------------------------------------------------+
; I/O Assignment Analysis Summary                                              ;
+--------------------------------+---------------------------------------------+
; I/O Assignment Analysis Status ; Successful - Thu Jun 08 17:17:35 2023       ;
; Quartus Prime Version          ; 20.1.1 Build 720 11/11/2020 SJ Lite Edition ;
; Revision Name                  ; fadder                                      ;
; Top-level Entity Name          ; DUT                                         ;
; Family                         ; MAX V                                       ;
; Device                         ; 5M1270ZT144C5                               ;
; Timing Models                  ; Final                                       ;
; Total pins                     ; 5 / 114 ( 4 % )                             ;
; Total virtual pins             ; 0                                           ;
; UFM blocks                     ; 0 / 1 ( 0 % )                               ;
+--------------------------------+---------------------------------------------+


+------------------------------------------+
; Parallel Compilation                     ;
+----------------------------+-------------+
; Processors                 ; Number      ;
+----------------------------+-------------+
; Number detected on machine ; 12          ;
; Maximum allowed            ; 12          ;
;                            ;             ;
; Average used               ; 1.00        ;
; Maximum used               ; 1           ;
;                            ;             ;
; Usage by Processor         ; % Time Used ;
;     Processor 1            ; 100.0%      ;
+----------------------------+-------------+


+-----------------+
; Fitter Messages ;
+-----------------+
Warning (18236): Number of processors has not been specified which may cause overloading on shared machines.  Set the global assignment NUM_PARALLEL_PROCESSORS in your QSF to an appropriate value for best performance.
Info (20030): Parallel compilation is enabled and will use 12 of the 12 processors detected
Info (119006): Selected device 5M1270ZT144C5 for design "fadder"
Info (21077): Low junction temperature is 0 degrees C
Info (21077): High junction temperature is 85 degrees C
Warning (292013): Feature LogicLock is only available with a valid subscription license. You can purchase a software subscription to gain full access to this feature.
Info (176444): Device migration not selected. If you intend to use device migration later, you may need to change the pin assignments as they may be incompatible with other devices
    Info (176445): Device 5M240ZT144C5 is compatible
    Info (176445): Device 5M240ZT144I5 is compatible
    Info (176445): Device 5M570ZT144C5 is compatible
    Info (176445): Device 5M570ZT144I5 is compatible
    Info (176445): Device 5M1270ZT144I5 is compatible
Info (186079): Completed User Assigned Global Signals Promotion Operation
Info (186079): Completed Auto Global Promotion Operation
Info (171121): Fitter preparation operations ending: elapsed time is 00:00:01
Warning (169174): The Reserve All Unused Pins setting has not been specified, and will default to 'As output driving ground'.
Info: Quartus Prime I/O Assignment Analysis was successful. 0 errors, 3 warnings
    Info: Peak virtual memory: 4893 megabytes
    Info: Processing ended: Thu Jun 08 17:17:35 2023
    Info: Elapsed time: 00:00:01
    Info: Total CPU time (on all processors): 00:00:00


+--------------+
; Pin-Out File ;
+--------------+
The pin-out file can be found in C:/Users/Anuya/manthan/npteldsdlol/Fadder/output_files/fadder.pin.


+------------------------------------------------------------------------------------------------------------------------------------------------+
; All Package Pins                                                                                                                               ;
+----------+------------+----------+------------------+--------+--------------+---------+------------+-----------------+----------+--------------+
; Location ; Pad Number ; I/O Bank ; Pin Name/Usage   ; Dir.   ; I/O Standard ; Voltage ; I/O Type   ; User Assignment ; Bus Hold ; Weak Pull Up ;
+----------+------------+----------+------------------+--------+--------------+---------+------------+-----------------+----------+--------------+
; 1        ; 2          ; 1        ; GND*             ;        ;              ;         ; Row I/O    ;                 ; no       ; Off          ;
; 2        ; 3          ; 1        ; GND*             ;        ;              ;         ; Row I/O    ;                 ; no       ; Off          ;
; 3        ; 5          ; 1        ; GND*             ;        ;              ;         ; Row I/O    ;                 ; no       ; Off          ;
; 4        ; 7          ; 1        ; GND*             ;        ;              ;         ; Row I/O    ;                 ; no       ; Off          ;
; 5        ; 9          ; 1        ; GND*             ;        ;              ;         ; Row I/O    ;                 ; no       ; Off          ;
; 6        ; 10         ; 1        ; GND*             ;        ;              ;         ; Row I/O    ;                 ; no       ; Off          ;
; 7        ; 14         ; 1        ; GND*             ;        ;              ;         ; Row I/O    ;                 ; no       ; Off          ;
; 8        ; 15         ; 1        ; GND*             ;        ;              ;         ; Row I/O    ;                 ; no       ; Off          ;
; 9        ;            ; 1        ; VCCIO1           ; power  ;              ; 3.3V    ; --         ;                 ; --       ; --           ;
; 10       ;            ;          ; GNDIO            ; gnd    ;              ;         ; --         ;                 ; --       ; --           ;
; 11       ;            ;          ; GNDIO            ; gnd    ;              ;         ; --         ;                 ; --       ; --           ;
; 12       ; 21         ; 1        ; GND*             ;        ;              ;         ; Row I/O    ;                 ; no       ; Off          ;
; 13       ; 22         ; 1        ; GND*             ;        ;              ;         ; Row I/O    ;                 ; no       ; Off          ;
; 14       ; 23         ; 1        ; GND*             ;        ;              ;         ; Row I/O    ;                 ; no       ; Off          ;
; 15       ; 24         ; 1        ; GND*             ;        ;              ;         ; Row I/O    ;                 ; no       ; Off          ;
; 16       ; 25         ; 1        ; GND*             ;        ;              ;         ; Row I/O    ;                 ; no       ; Off          ;
; 17       ;            ;          ; GNDINT           ; gnd    ;              ;         ; --         ;                 ; --       ; --           ;
; 18       ; 26         ; 1        ; GND*             ;        ;              ;         ; Row I/O    ;                 ; no       ; Off          ;
; 19       ;            ;          ; VCCINT           ; power  ;              ; 1.8V    ; --         ;                 ; --       ; --           ;
; 20       ; 27         ; 1        ; GND*             ;        ;              ;         ; Row I/O    ;                 ; no       ; Off          ;
; 21       ; 28         ; 1        ; GND*             ;        ;              ;         ; Row I/O    ;                 ; no       ; Off          ;
; 22       ; 29         ; 1        ; GND*             ;        ;              ;         ; Row I/O    ;                 ; no       ; Off          ;
; 23       ; 30         ; 1        ; GND*             ;        ;              ;         ; Row I/O    ;                 ; no       ; Off          ;
; 24       ; 31         ; 1        ; GND*             ;        ;              ;         ; Row I/O    ;                 ; no       ; Off          ;
; 25       ;            ; 1        ; VCCIO1           ; power  ;              ; 3.3V    ; --         ;                 ; --       ; --           ;
; 26       ;            ;          ; GNDIO            ; gnd    ;              ;         ; --         ;                 ; --       ; --           ;
; 27       ; 33         ; 1        ; GND*             ;        ;              ;         ; Row I/O    ;                 ; no       ; Off          ;
; 28       ; 36         ; 1        ; GND*             ;        ;              ;         ; Row I/O    ;                 ; no       ; Off          ;
; 29       ; 37         ; 1        ; GND*             ;        ;              ;         ; Row I/O    ;                 ; no       ; Off          ;
; 30       ; 41         ; 1        ; GND*             ;        ;              ;         ; Row I/O    ;                 ; no       ; Off          ;
; 31       ; 44         ; 1        ; GND*             ;        ;              ;         ; Row I/O    ;                 ; no       ; Off          ;
; 32       ; 47         ; 1        ; GND*             ;        ;              ;         ; Row I/O    ;                 ; no       ; Off          ;
; 33       ; 50         ; 1        ; #TMS             ; input  ;              ;         ; --         ;                 ; --       ; --           ;
; 34       ; 51         ; 1        ; #TDI             ; input  ;              ;         ; --         ;                 ; --       ; --           ;
; 35       ; 52         ; 1        ; #TCK             ; input  ;              ;         ; --         ;                 ; --       ; --           ;
; 36       ; 53         ; 1        ; #TDO             ; output ;              ;         ; --         ;                 ; --       ; --           ;
; 37       ; 56         ; 4        ; GND*             ;        ;              ;         ; Column I/O ;                 ; no       ; Off          ;
; 38       ; 57         ; 4        ; GND*             ;        ;              ;         ; Column I/O ;                 ; no       ; Off          ;
; 39       ; 60         ; 4        ; GND*             ;        ;              ;         ; Column I/O ;                 ; no       ; Off          ;
; 40       ; 62         ; 4        ; GND*             ;        ;              ;         ; Column I/O ;                 ; no       ; Off          ;
; 41       ; 63         ; 4        ; GND*             ;        ;              ;         ; Column I/O ;                 ; no       ; Off          ;
; 42       ; 67         ; 4        ; GND*             ;        ;              ;         ; Column I/O ;                 ; no       ; Off          ;
; 43       ; 68         ; 4        ; GND*             ;        ;              ;         ; Column I/O ;                 ; no       ; Off          ;
; 44       ; 69         ; 4        ; input_vector[2]  ; input  ; 3.3-V LVTTL  ;         ; Column I/O ; Y               ; no       ; Off          ;
; 45       ; 74         ; 4        ; input_vector[1]  ; input  ; 3.3-V LVTTL  ;         ; Column I/O ; Y               ; no       ; Off          ;
; 46       ;            ; 4        ; VCCIO4           ; power  ;              ; 3.3V    ; --         ;                 ; --       ; --           ;
; 47       ;            ;          ; GNDIO            ; gnd    ;              ;         ; --         ;                 ; --       ; --           ;
; 48       ; 75         ; 4        ; input_vector[0]  ; input  ; 3.3-V LVTTL  ;         ; Column I/O ; Y               ; no       ; Off          ;
; 49       ; 76         ; 4        ; GND*             ;        ;              ;         ; Column I/O ;                 ; no       ; Off          ;
; 50       ; 77         ; 4        ; GND*             ;        ;              ;         ; Column I/O ;                 ; no       ; Off          ;
; 51       ; 78         ; 4        ; GND*             ;        ;              ;         ; Column I/O ;                 ; no       ; Off          ;
; 52       ; 79         ; 4        ; GND*             ;        ;              ;         ; Column I/O ;                 ; no       ; Off          ;
; 53       ; 80         ; 4        ; GND*             ;        ;              ;         ; Column I/O ;                 ; no       ; Off          ;
; 54       ;            ;          ; GNDINT           ; gnd    ;              ;         ; --         ;                 ; --       ; --           ;
; 55       ; 81         ; 4        ; GND*             ;        ;              ;         ; Column I/O ;                 ; no       ; Off          ;
; 56       ;            ;          ; VCCINT           ; power  ;              ; 1.8V    ; --         ;                 ; --       ; --           ;
; 57       ; 82         ; 4        ; output_vector[0] ; output ; 3.3-V LVTTL  ;         ; Column I/O ; Y               ; no       ; Off          ;
; 58       ; 83         ; 4        ; output_vector[1] ; output ; 3.3-V LVTTL  ;         ; Column I/O ; Y               ; no       ; Off          ;
; 59       ; 84         ; 4        ; GND*             ;        ;              ;         ; Column I/O ;                 ; no       ; Off          ;
; 60       ; 85         ; 4        ; GND*             ;        ;              ;         ; Column I/O ;                 ; no       ; Off          ;
; 61       ; 86         ; 4        ; GND*             ;        ;              ;         ; Column I/O ;                 ; no       ; Off          ;
; 62       ; 87         ; 4        ; GND*             ;        ;              ;         ; Column I/O ;                 ; no       ; Off          ;
; 63       ; 88         ; 4        ; GND*             ;        ;              ;         ; Column I/O ;                 ; no       ; Off          ;
; 64       ;            ; 4        ; VCCIO4           ; power  ;              ; 3.3V    ; --         ;                 ; --       ; --           ;
; 65       ;            ;          ; GNDIO            ; gnd    ;              ;         ; --         ;                 ; --       ; --           ;
; 66       ; 91         ; 4        ; GND*             ;        ;              ;         ; Column I/O ;                 ; no       ; Off          ;
; 67       ; 92         ; 4        ; GND*             ;        ;              ;         ; Column I/O ;                 ; no       ; Off          ;
; 68       ; 95         ; 4        ; GND*             ;        ;              ;         ; Column I/O ;                 ; no       ; Off          ;
; 69       ; 98         ; 4        ; GND*             ;        ;              ;         ; Column I/O ;                 ; no       ; Off          ;
; 70       ; 101        ; 4        ; GND*             ;        ;              ;         ; Column I/O ;                 ; no       ; Off          ;
; 71       ; 104        ; 4        ; GND*             ;        ;              ;         ; Column I/O ;                 ; no       ; Off          ;
; 72       ; 107        ; 4        ; GND*             ;        ;              ;         ; Column I/O ;                 ; no       ; Off          ;
; 73       ; 111        ; 3        ; GND*             ;        ;              ;         ; Row I/O    ;                 ; no       ; Off          ;
; 74       ; 112        ; 3        ; GND*             ;        ;              ;         ; Row I/O    ;                 ; no       ; Off          ;
; 75       ; 113        ; 3        ; GND*             ;        ;              ;         ; Row I/O    ;                 ; no       ; Off          ;
; 76       ; 115        ; 3        ; GND*             ;        ;              ;         ; Row I/O    ;                 ; no       ; Off          ;
; 77       ; 118        ; 3        ; GND*             ;        ;              ;         ; Row I/O    ;                 ; no       ; Off          ;
; 78       ;            ;          ; GNDIO            ; gnd    ;              ;         ; --         ;                 ; --       ; --           ;
; 79       ; 123        ; 3        ; GND*             ;        ;              ;         ; Row I/O    ;                 ; no       ; Off          ;
; 80       ; 124        ; 3        ; GND*             ;        ;              ;         ; Row I/O    ;                 ; no       ; Off          ;
; 81       ; 127        ; 3        ; GND*             ;        ;              ;         ; Row I/O    ;                 ; no       ; Off          ;
; 82       ;            ; 3        ; VCCIO3           ; power  ;              ; 3.3V    ; --         ;                 ; --       ; --           ;
; 83       ;            ;          ; GNDIO            ; gnd    ;              ;         ; --         ;                 ; --       ; --           ;
; 84       ; 129        ; 3        ; GND*             ;        ;              ;         ; Row I/O    ;                 ; no       ; Off          ;
; 85       ; 130        ; 3        ; GND*             ;        ;              ;         ; Row I/O    ;                 ; no       ; Off          ;
; 86       ; 131        ; 3        ; GND*             ;        ;              ;         ; Row I/O    ;                 ; no       ; Off          ;
; 87       ; 132        ; 3        ; GND*             ;        ;              ;         ; Row I/O    ;                 ; no       ; Off          ;
; 88       ; 133        ; 3        ; GND*             ;        ;              ;         ; Row I/O    ;                 ; no       ; Off          ;
; 89       ; 134        ; 3        ; GND*             ;        ;              ;         ; Row I/O    ;                 ; no       ; Off          ;
; 90       ;            ;          ; VCCINT           ; power  ;              ; 1.8V    ; --         ;                 ; --       ; --           ;
; 91       ; 135        ; 3        ; GND*             ;        ;              ;         ; Row I/O    ;                 ; no       ; Off          ;
; 92       ;            ;          ; GNDINT           ; gnd    ;              ;         ; --         ;                 ; --       ; --           ;
; 93       ; 136        ; 3        ; GND*             ;        ;              ;         ; Row I/O    ;                 ; no       ; Off          ;
; 94       ; 137        ; 3        ; GND*             ;        ;              ;         ; Row I/O    ;                 ; no       ; Off          ;
; 95       ; 138        ; 3        ; GND*             ;        ;              ;         ; Row I/O    ;                 ; no       ; Off          ;
; 96       ; 139        ; 3        ; GND*             ;        ;              ;         ; Row I/O    ;                 ; no       ; Off          ;
; 97       ; 140        ; 3        ; GND*             ;        ;              ;         ; Row I/O    ;                 ; no       ; Off          ;
; 98       ; 141        ; 3        ; GND*             ;        ;              ;         ; Row I/O    ;                 ; no       ; Off          ;
; 99       ;            ;          ; GNDIO            ; gnd    ;              ;         ; --         ;                 ; --       ; --           ;
; 100      ;            ; 3        ; VCCIO3           ; power  ;              ; 3.3V    ; --         ;                 ; --       ; --           ;
; 101      ; 142        ; 3        ; GND*             ;        ;              ;         ; Row I/O    ;                 ; no       ; Off          ;
; 102      ; 146        ; 3        ; GND*             ;        ;              ;         ; Row I/O    ;                 ; no       ; Off          ;
; 103      ; 147        ; 3        ; GND*             ;        ;              ;         ; Row I/O    ;                 ; no       ; Off          ;
; 104      ; 151        ; 3        ; GND*             ;        ;              ;         ; Row I/O    ;                 ; no       ; Off          ;
; 105      ; 152        ; 3        ; GND*             ;        ;              ;         ; Row I/O    ;                 ; no       ; Off          ;
; 106      ; 154        ; 3        ; GND*             ;        ;              ;         ; Row I/O    ;                 ; no       ; Off          ;
; 107      ; 156        ; 3        ; GND*             ;        ;              ;         ; Row I/O    ;                 ; no       ; Off          ;
; 108      ; 158        ; 3        ; GND*             ;        ;              ;         ; Row I/O    ;                 ; no       ; Off          ;
; 109      ; 164        ; 2        ; GND*             ;        ;              ;         ; Column I/O ;                 ; no       ; Off          ;
; 110      ; 165        ; 2        ; GND*             ;        ;              ;         ; Column I/O ;                 ; no       ; Off          ;
; 111      ; 166        ; 2        ; GND*             ;        ;              ;         ; Column I/O ;                 ; no       ; Off          ;
; 112      ; 171        ; 2        ; GND*             ;        ;              ;         ; Column I/O ;                 ; no       ; Off          ;
; 113      ; 174        ; 2        ; GND*             ;        ;              ;         ; Column I/O ;                 ; no       ; Off          ;
; 114      ; 177        ; 2        ; GND*             ;        ;              ;         ; Column I/O ;                 ; no       ; Off          ;
; 115      ;            ;          ; GNDIO            ; gnd    ;              ;         ; --         ;                 ; --       ; --           ;
; 116      ;            ; 2        ; VCCIO2           ; power  ;              ; 3.3V    ; --         ;                 ; --       ; --           ;
; 117      ; 180        ; 2        ; GND*             ;        ;              ;         ; Column I/O ;                 ; no       ; Off          ;
; 118      ; 181        ; 2        ; GND*             ;        ;              ;         ; Column I/O ;                 ; no       ; Off          ;
; 119      ; 182        ; 2        ; GND*             ;        ;              ;         ; Column I/O ;                 ; no       ; Off          ;
; 120      ; 183        ; 2        ; GND*             ;        ;              ;         ; Column I/O ;                 ; no       ; Off          ;
; 121      ; 184        ; 2        ; GND*             ;        ;              ;         ; Column I/O ;                 ; no       ; Off          ;
; 122      ; 185        ; 2        ; GND*             ;        ;              ;         ; Column I/O ;                 ; no       ; Off          ;
; 123      ; 186        ; 2        ; GND*             ;        ;              ;         ; Column I/O ;                 ; no       ; Off          ;
; 124      ; 187        ; 2        ; GND*             ;        ;              ;         ; Column I/O ;                 ; no       ; Off          ;
; 125      ; 188        ; 2        ; GND*             ;        ;              ;         ; Column I/O ;                 ; no       ; Off          ;
; 126      ;            ;          ; VCCINT           ; power  ;              ; 1.8V    ; --         ;                 ; --       ; --           ;
; 127      ; 189        ; 2        ; GND*             ;        ;              ;         ; Column I/O ;                 ; no       ; Off          ;
; 128      ;            ;          ; GNDINT           ; gnd    ;              ;         ; --         ;                 ; --       ; --           ;
; 129      ; 190        ; 2        ; GND*             ;        ;              ;         ; Column I/O ;                 ; no       ; Off          ;
; 130      ; 191        ; 2        ; GND*             ;        ;              ;         ; Column I/O ;                 ; no       ; Off          ;
; 131      ; 192        ; 2        ; GND*             ;        ;              ;         ; Column I/O ;                 ; no       ; Off          ;
; 132      ; 193        ; 2        ; GND*             ;        ;              ;         ; Column I/O ;                 ; no       ; Off          ;
; 133      ; 194        ; 2        ; GND*             ;        ;              ;         ; Column I/O ;                 ; no       ; Off          ;
; 134      ; 195        ; 2        ; GND*             ;        ;              ;         ; Column I/O ;                 ; no       ; Off          ;
; 135      ;            ;          ; GNDIO            ; gnd    ;              ;         ; --         ;                 ; --       ; --           ;
; 136      ;            ; 2        ; VCCIO2           ; power  ;              ; 3.3V    ; --         ;                 ; --       ; --           ;
; 137      ; 199        ; 2        ; GND*             ;        ;              ;         ; Column I/O ;                 ; no       ; Off          ;
; 138      ; 200        ; 2        ; GND*             ;        ;              ;         ; Column I/O ;                 ; no       ; Off          ;
; 139      ; 201        ; 2        ; GND*             ;        ;              ;         ; Column I/O ;                 ; no       ; Off          ;
; 140      ; 204        ; 2        ; GND*             ;        ;              ;         ; Column I/O ;                 ; no       ; Off          ;
; 141      ; 205        ; 2        ; GND*             ;        ;              ;         ; Column I/O ;                 ; no       ; Off          ;
; 142      ; 208        ; 2        ; GND*             ;        ;              ;         ; Column I/O ;                 ; no       ; Off          ;
; 143      ; 212        ; 2        ; GND*             ;        ;              ;         ; Column I/O ;                 ; no       ; Off          ;
; 144      ; 215        ; 2        ; GND*             ;        ;              ;         ; Column I/O ;                 ; no       ; Off          ;
+----------+------------+----------+------------------+--------+--------------+---------+------------+-----------------+----------+--------------+
Note: Pin directions (input, output or bidir) are based on device operating in user mode.


+-----------------------------------------------------------------------------------------------------------------------------------------------------------------------------------------------------------------------------------------+
; Input Pins                                                                                                                                                                                                                              ;
+-----------------+-------+----------+--------------+--------------+-------------+-----------------------+--------------------+--------+-----------------+----------+--------------+--------------+----------------------+----------------+
; Name            ; Pin # ; I/O Bank ; X coordinate ; Y coordinate ; Cell number ; Combinational Fan-Out ; Registered Fan-Out ; Global ; PCI I/O Enabled ; Bus Hold ; Weak Pull Up ; I/O Standard ; Location assigned by ; Slow Slew Rate ;
+-----------------+-------+----------+--------------+--------------+-------------+-----------------------+--------------------+--------+-----------------+----------+--------------+--------------+----------------------+----------------+
; input_vector[0] ; 48    ; 4        ; 7            ; 3            ; 3           ; 2                     ; 0                  ; no     ; no              ; no       ; Off          ; 3.3-V LVTTL  ; User                 ; no             ;
; input_vector[1] ; 45    ; 4        ; 6            ; 3            ; 0           ; 2                     ; 0                  ; no     ; no              ; no       ; Off          ; 3.3-V LVTTL  ; User                 ; no             ;
; input_vector[2] ; 44    ; 4        ; 5            ; 3            ; 2           ; 2                     ; 0                  ; no     ; no              ; no       ; Off          ; 3.3-V LVTTL  ; User                 ; no             ;
+-----------------+-------+----------+--------------+--------------+-------------+-----------------------+--------------------+--------+-----------------+----------+--------------+--------------+----------------------+----------------+


+------------------------------------------------------------------------------------------------------------------------------------------------------------------------------------------------------------------------------------------------------------------------------------------------------------------------------------+
; Output Pins                                                                                                                                                                                                                                                                                                                        ;
+------------------+-------+----------+--------------+--------------+-------------+-----------------+----------------+-----------------+------------+---------------+----------+--------------+--------------+------------------+------------------------+----------------------+-------+----------------------+---------------------+
; Name             ; Pin # ; I/O Bank ; X coordinate ; Y coordinate ; Cell number ; Output Register ; Slow Slew Rate ; PCI I/O Enabled ; Open Drain ; TRI Primitive ; Bus Hold ; Weak Pull Up ; I/O Standard ; Current Strength ; Fast Output Connection ; Location assigned by ; Load  ; Output Enable Source ; Output Enable Group ;
+------------------+-------+----------+--------------+--------------+-------------+-----------------+----------------+-----------------+------------+---------------+----------+--------------+--------------+------------------+------------------------+----------------------+-------+----------------------+---------------------+
; output_vector[0] ; 57    ; 4        ; 8            ; 3            ; 0           ; no              ; no             ; no              ; no         ; no            ; no       ; Off          ; 3.3-V LVTTL  ; Default          ; no                     ; User                 ; 10 pF ; -                    ; -                   ;
; output_vector[1] ; 58    ; 4        ; 9            ; 3            ; 2           ; no              ; no             ; no              ; no         ; no            ; no       ; Off          ; 3.3-V LVTTL  ; Default          ; no                     ; User                 ; 10 pF ; -                    ; -                   ;
+------------------+-------+----------+--------------+--------------+-------------+-----------------+----------------+-----------------+------------+---------------+----------+--------------+--------------+------------------+------------------------+----------------------+-------+----------------------+---------------------+


+-----------------------------------------------------------+
; I/O Bank Usage                                            ;
+----------+-----------------+---------------+--------------+
; I/O Bank ; Usage           ; VCCIO Voltage ; VREF Voltage ;
+----------+-----------------+---------------+--------------+
; 1        ; 0 / 25 ( 0 % )  ; 3.3V          ; --           ;
; 2        ; 0 / 30 ( 0 % )  ; 3.3V          ; --           ;
; 3        ; 0 / 29 ( 0 % )  ; 3.3V          ; --           ;
; 4        ; 5 / 30 ( 17 % ) ; 3.3V          ; --           ;
+----------+-----------------+---------------+--------------+


+-------------------------------------------------------------+
; Output Pin Default Load For Reported TCO                    ;
+----------------------------+-------+------------------------+
; I/O Standard               ; Load  ; Termination Resistance ;
+----------------------------+-------+------------------------+
; 3.3-V LVTTL                ; 10 pF ; Not Available          ;
; 3.3-V LVCMOS               ; 10 pF ; Not Available          ;
; 2.5 V                      ; 10 pF ; Not Available          ;
; 1.8 V                      ; 10 pF ; Not Available          ;
; 1.5 V                      ; 10 pF ; Not Available          ;
; 3.3V Schmitt Trigger Input ; 10 pF ; Not Available          ;
; 2.5V Schmitt Trigger Input ; 10 pF ; Not Available          ;
; 1.2 V                      ; 10 pF ; Not Available          ;
; LVDS_E_3R                  ; 10 pF ; Not Available          ;
; RSDS_E_3R                  ; 10 pF ; Not Available          ;
; 3.3-V PCI                  ; 10 pF ; 25 Ohm (Parallel)      ;
+----------------------------+-------+------------------------+
Note: User assignments will override these defaults. The user specified values are listed in the Output Pins and Bidir Pins tables.


+----------------------------------+
; I/O Assignment Analysis Messages ;
+----------------------------------+
Warning (18236): Number of processors has not been specified which may cause overloading on shared machines.  Set the global assignment NUM_PARALLEL_PROCESSORS in your QSF to an appropriate value for best performance.
Info (20030): Parallel compilation is enabled and will use 12 of the 12 processors detected
Info (119006): Selected device 5M1270ZT144C5 for design "fadder"
Info (21077): Low junction temperature is 0 degrees C
Info (21077): High junction temperature is 85 degrees C
Warning (292013): Feature LogicLock is only available with a valid subscription license. You can purchase a software subscription to gain full access to this feature.
Info (176444): Device migration not selected. If you intend to use device migration later, you may need to change the pin assignments as they may be incompatible with other devices
    Info (176445): Device 5M240ZT144C5 is compatible
    Info (176445): Device 5M240ZT144I5 is compatible
    Info (176445): Device 5M570ZT144C5 is compatible
    Info (176445): Device 5M570ZT144I5 is compatible
    Info (176445): Device 5M1270ZT144I5 is compatible
Info (186079): Completed User Assigned Global Signals Promotion Operation
Info (186079): Completed Auto Global Promotion Operation
Info (171121): Fitter preparation operations ending: elapsed time is 00:00:01
Warning (169174): The Reserve All Unused Pins setting has not been specified, and will default to 'As output driving ground'.
Info: Quartus Prime I/O Assignment Analysis was successful. 0 errors, 3 warnings
    Info: Peak virtual memory: 4893 megabytes
    Info: Processing ended: Thu Jun 08 17:17:35 2023
    Info: Elapsed time: 00:00:01
    Info: Total CPU time (on all processors): 00:00:00


